<?xml version='1.1' encoding='UTF-8'?>
<result plugin="junit@1.29">
  <suites>
    <suite>
      <file>/home/tilekbay/Documents/4th_semester/CS453/Project/Priora/priora-plugin/work/workspace/test-project/target/surefire-reports/TEST-com.mycompany.app.AppTest.xml</file>
      <name>com.mycompany.app.AppTest</name>
      <duration>0.009</duration>
      <time>0.009</time>
      <nodeId>26</nodeId>
      <enclosingBlocks>
        <string>23</string>
      </enclosingBlocks>
      <enclosingBlockNames>
        <string>Test</string>
      </enclosingBlockNames>
      <cases>
        <case>
          <duration>0.009</duration>
          <className>com.mycompany.app.AppTest</className>
          <testName>testAppMain</testName>
          <skipped>false</skipped>
          <errorStackTrace>java.lang.AssertionError: &quot;message&quot; is not &quot;Hello World!&quot;
	at org.junit.Assert.fail(Assert.java:88)
	at com.mycompany.app.AppTest.testAppMain(AppTest.java:39)
</errorStackTrace>
          <errorDetails>&quot;message&quot; is not &quot;Hello World!&quot;</errorDetails>
          <failedSince>0</failedSince>
        </case>
        <case>
          <duration>0.0</duration>
          <className>com.mycompany.app.AppTest</className>
          <testName>testAppConstructor</testName>
          <skipped>false</skipped>
          <failedSince>0</failedSince>
        </case>
      </cases>
    </suite>
  </suites>
  <duration>0.009</duration>
  <keepLongStdio>false</keepLongStdio>
</result>